Cache Settings
--------------
L1 (C,B,S): (10,6,1). Insertion policy: MIP
Victim cache entries: 0
L2 (C,B,S): (15,6,3). Insertion policy: LIP

Cache Statistics
----------------
Reads: 315500
Writes: 184500

L1 accesses: 500000
L1 hits: 407045
L1 misses: 92955
L1 hit ratio: 0.814
L1 miss ratio: 0.186
L1 average access time (AAT): 5.074

Victim Cache hits after L1 miss: 0
Victim Cache misses after L1 miss: 92955
Victim Cache hit ratio: 0.000
Victim Cache miss ratio: 1.000
Write-backs from L1 or Victim Cache: 35291

L2 reads: 92955
L2 writes: 35291
L2 read hits: 87074
L2 read misses: 5881
L2 read hit ratio: 0.937
L2 read miss ratio: 0.063
L2 average access time (AAT): 15.461
