Cache Settings
--------------
L1 (C,B,S): (10,6,1). Insertion policy: MIP
Victim cache entries: 2
L2 (C,B,S): (15,6,3). Insertion policy: LIP

Cache Statistics
----------------
Reads: 482548
Writes: 17452

L1 accesses: 500000
L1 hits: 257287
L1 misses: 242713
L1 hit ratio: 0.515
L1 miss ratio: 0.485
L1 average access time (AAT): 36.266

Victim Cache hits after L1 miss: 83
Victim Cache misses after L1 miss: 242630
Victim Cache hit ratio: 0.000
Victim Cache miss ratio: 1.000
Write-backs from L1 or Victim Cache: 4894

L2 reads: 242630
L2 writes: 4894
L2 read hits: 61257
L2 read misses: 181373
L2 read hit ratio: 0.252
L2 read miss ratio: 0.748
L2 average access time (AAT): 70.202
