Cache Settings
--------------
L1 (C,B,S): (10,6,1). Insertion policy: MIP
Victim cache entries: 2
L2 (C,B,S): (15,6,3). Insertion policy: LIP

Cache Statistics
----------------
Reads: 494452
Writes: 5548

L1 accesses: 500000
L1 hits: 332230
L1 misses: 167770
L1 hit ratio: 0.664
L1 miss ratio: 0.336
L1 average access time (AAT): 21.814

Victim Cache hits after L1 miss: 428
Victim Cache misses after L1 miss: 167342
Victim Cache hit ratio: 0.003
Victim Cache miss ratio: 0.997
Write-backs from L1 or Victim Cache: 1468

L2 reads: 167342
L2 writes: 1468
L2 read hits: 66508
L2 read misses: 100834
L2 read hit ratio: 0.397
L2 read miss ratio: 0.603
L2 average access time (AAT): 58.605
