Cache Settings
--------------
L1 (C,B,S): (10,6,1). Insertion policy: MIP
Victim cache entries: 2
L2 (C,B,S): (15,6,3). Insertion policy: LIP

Cache Statistics
----------------
Reads: 352008
Writes: 147992

L1 accesses: 500000
L1 hits: 456700
L1 misses: 43300
L1 hit ratio: 0.913
L1 miss ratio: 0.087
L1 average access time (AAT): 3.179

Victim Cache hits after L1 miss: 1417
Victim Cache misses after L1 miss: 41883
Victim Cache hit ratio: 0.033
Victim Cache miss ratio: 0.967
Write-backs from L1 or Victim Cache: 9620

L2 reads: 41883
L2 writes: 9620
L2 read hits: 41212
L2 read misses: 671
L2 read hit ratio: 0.984
L2 read miss ratio: 0.016
L2 average access time (AAT): 11.682
