Cache Settings
--------------
L1 (C,B,S): (10,6,1). Insertion policy: MIP
Victim cache entries: 2
L2 (C,B,S): (15,6,3). Insertion policy: LIP

Cache Statistics
----------------
Reads: 304587
Writes: 195413

L1 accesses: 500000
L1 hits: 428152
L1 misses: 71848
L1 hit ratio: 0.856
L1 miss ratio: 0.144
L1 average access time (AAT): 3.748

Victim Cache hits after L1 miss: 8561
Victim Cache misses after L1 miss: 63287
Victim Cache hit ratio: 0.119
Victim Cache miss ratio: 0.881
Write-backs from L1 or Victim Cache: 24784

L2 reads: 63287
L2 writes: 24784
L2 read hits: 61837
L2 read misses: 1450
L2 read hit ratio: 0.977
L2 read miss ratio: 0.023
L2 average access time (AAT): 12.233
