Cache Settings
--------------
L1 (C,B,S): (10,6,1). Insertion policy: MIP
Victim cache entries: 2
L2 (C,B,S): (15,6,3). Insertion policy: LIP

Cache Statistics
----------------
Reads: 332993
Writes: 167007

L1 accesses: 500000
L1 hits: 415859
L1 misses: 84141
L1 hit ratio: 0.832
L1 miss ratio: 0.168
L1 average access time (AAT): 10.657

Victim Cache hits after L1 miss: 0
Victim Cache misses after L1 miss: 84141
Victim Cache hit ratio: 0.000
Victim Cache miss ratio: 1.000
Write-backs from L1 or Victim Cache: 42465

L2 reads: 84141
L2 writes: 42465
L2 read hits: 42220
L2 read misses: 41921
L2 read hit ratio: 0.502
L2 read miss ratio: 0.498
L2 average access time (AAT): 50.258
